<?xml version="1.0" encoding="UTF-8"?>
<!-- Generated by org.testng.reporters.JUnitReportReporter -->
<testsuite hostname="Henishs-MacBook-Air.local" failures="0" tests="4" name="api.test.UserTests" time="1.727" errors="0" timestamp="2023-08-06T18:40:51 EDT" skipped="0">
  <testcase classname="api.test.UserTests" name="testPostUser" time="1.148"/>
  <system-out/>
  <testcase classname="api.test.UserTests" name="testGetUserByName" time="0.155"/>
  <system-out/>
  <testcase classname="api.test.UserTests" name="testUpdateUserByName" time="0.286"/>
  <system-out/>
  <testcase classname="api.test.UserTests" name="testDeleteUserByName" time="0.138"/>
  <system-out/>
</testsuite> <!-- api.test.UserTests -->
