<?xml version="1.0" encoding="UTF-8"?>
<!-- Generated by org.testng.reporters.JUnitReportReporter -->
<testsuite hostname="Henishs-MacBook-Air.local" failures="0" tests="6" name="api.test.DDTests" time="1.828" errors="0" timestamp="2023-08-06T18:05:32 EDT" skipped="0">
  <testcase classname="api.test.DDTests" name="testPostuser" time="1.133"/>
  <system-out/>
  <testcase classname="api.test.DDTests" name="testPostuser" time="0.138"/>
  <system-out/>
  <testcase classname="api.test.DDTests" name="testPostuser" time="0.143"/>
  <system-out/>
  <testcase classname="api.test.DDTests" name="testDeleteUserByName" time="0.134"/>
  <system-out/>
  <testcase classname="api.test.DDTests" name="testDeleteUserByName" time="0.146"/>
  <system-out/>
  <testcase classname="api.test.DDTests" name="testDeleteUserByName" time="0.134"/>
  <system-out/>
</testsuite> <!-- api.test.DDTests -->
