<?xml version="1.0" encoding="UTF-8"?>
<!-- Generated by org.testng.reporters.JUnitReportReporter -->
<testsuite hostname="Henishs-MacBook-Air.local" failures="0" tests="4" name="api.test.UserTests" time="1.834" errors="0" timestamp="2023-08-06T18:48:26 EDT" skipped="0">
  <testcase classname="api.test.UserTests" name="testPostUser" time="1.246"/>
  <system-out/>
  <testcase classname="api.test.UserTests" name="testGetUserByName" time="0.177"/>
  <system-out/>
  <testcase classname="api.test.UserTests" name="testUpdateUserByName" time="0.272"/>
  <system-out/>
  <testcase classname="api.test.UserTests" name="testDeleteUserByName" time="0.139"/>
  <system-out/>
</testsuite> <!-- api.test.UserTests -->
