<?xml version="1.0" encoding="UTF-8"?>
<!-- Generated by org.testng.reporters.JUnitReportReporter -->
<testsuite hostname="Henishs-MacBook-Air.local" failures="0" tests="4" name="api.test.UserTestsFromProperties" time="0.703" errors="0" timestamp="2023-08-06T18:48:26 EDT" skipped="0">
  <testcase classname="api.test.UserTestsFromProperties" name="testPostUser" time="0.145"/>
  <system-out/>
  <testcase classname="api.test.UserTestsFromProperties" name="testGetUserByName" time="0.131"/>
  <system-out/>
  <testcase classname="api.test.UserTestsFromProperties" name="testUpdateUserByName" time="0.278"/>
  <system-out/>
  <testcase classname="api.test.UserTestsFromProperties" name="testDeleteUserByName" time="0.149"/>
  <system-out/>
</testsuite> <!-- api.test.UserTestsFromProperties -->
